#
# A fatal error has been detected by the Java Runtime Environment:
#
#  EXCEPTION_ACCESS_VIOLATION (0xc0000005) at pc=0x00007ffe611782d7, pid=16772, tid=15764
#
# JRE version: OpenJDK Runtime Environment (21.0.2+13) (build 21.0.2+13-58)
# Java VM: OpenJDK 64-Bit Server VM (21.0.2+13-58, mixed mode, sharing, tiered, compressed oops, compressed class ptrs, g1 gc, windows-amd64)
# Problematic frame:
# C  [glass.dll+0x282d7]
#
# No core dump will be written. Minidumps are not enabled by default on client versions of Windows
#
# If you would like to submit a bug report, please visit:
#   https://bugreport.java.com/bugreport/crash.jsp
#

---------------  S U M M A R Y ------------

Command Line: -agentlib:jdwp=transport=dt_socket,address=127.0.0.1:52696,suspend=y,server=n --module-path=Z:\Program Files\Java\javafx-sdk-22.0.1\lib --add-modules=javafx.controls --add-modules=javafx.controls,javafx.fxml -Dsocket.server.port=33833 -javaagent:Z:\User\AppData\Local\JetBrains\IntelliJIdea2023.2\captureAgent\debugger-agent.jar -Dfile.encoding=UTF-8 -Dsun.stdout.encoding=UTF-8 -Dsun.stderr.encoding=UTF-8 Main

Host: 12th Gen Intel(R) Core(TM) i5-12400F, 12 cores, 15G,  Windows 10 , 64 bit Build 19041 (10.0.19041.3636)
Time: Fri May 31 10:45:48 2024 GMT Daylight Time elapsed time: 155.816310 seconds (0d 0h 2m 35s)

---------------  T H R E A D  ---------------

Current thread (0x000001a5fc6a82a0):  VMThread "VM Thread"          [id=15764, stack(0x00000057ec500000,0x00000057ec600000) (1024K)]

Stack: [0x00000057ec500000,0x00000057ec600000],  sp=0x00000057ec5ff1d0,  free space=1020k
Native frames: (J=compiled Java code, j=interpreted, Vv=VM code, C=native code)
C  [glass.dll+0x282d7]


siginfo: EXCEPTION_ACCESS_VIOLATION (0xc0000005), reading address 0x0000000000000000


Registers:
RAX=0x0000000000000000, RBX=0x000001a5fcca09e2, RCX=0x000001a5fc6a82a0, RDX=0x00000057ec5ff1d0
RSP=0x00000057ec5ff1d0, RBP=0x000001a5fdf72358, RSI=0x000001a5fdf72330, RDI=0x000081fe606a9b59
R8 =0x0000000000010002, R9 =0x000081fe606a9b59, R10=0x0000000000008000, R11=0x00000057ec5ff160
R12=0x00007ffe61175be0, R13=0x00007ffdf3ec4720, R14=0x00000057ec5ff2c8, R15=0x000001a5fdf72330
RIP=0x00007ffe611782d7, EFLAGS=0x0000000000010202


Register to memory mapping:

RAX=0x0 is null
RBX=0x000001a5fcca09e2 is a global jni handle
RCX=0x000001a5fc6a82a0 points into unknown readable memory: 0x00007ffdf3cd6038 | 38 60 cd f3 fd 7f 00 00
RDX=0x00000057ec5ff1d0 points into unknown readable memory: 0x0000000000000000 | 00 00 00 00 00 00 00 00
RSP=0x00000057ec5ff1d0 points into unknown readable memory: 0x0000000000000000 | 00 00 00 00 00 00 00 00
RBP=0x000001a5fdf72358 points into unknown readable memory: 0x000081fe606a9b59 | 59 9b 6a 60 fe 81 00 00
RSI=0x000001a5fdf72330 points into unknown readable memory: 0xfcc2af53906a9ba6 | a6 9b 6a 90 53 af c2 fc
RDI=0x000081fe606a9b59 is an unknown value
R8 =0x0000000000010002 is an unknown value
R9 =0x000081fe606a9b59 is an unknown value
R10=0x0000000000008000 is an unknown value
R11=0x00000057ec5ff160 points into unknown readable memory: 0x000001a5fdf72330 | 30 23 f7 fd a5 01 00 00
R12=0x00007ffe61175be0 glass.dll
R13=0x00007ffdf3ec4720 jvm.dll
R14=0x00000057ec5ff2c8 points into unknown readable memory: 0x00000057ec5ff2b0 | b0 f2 5f ec 57 00 00 00
R15=0x000001a5fdf72330 points into unknown readable memory: 0xfcc2af53906a9ba6 | a6 9b 6a 90 53 af c2 fc

Top of Stack: (sp=0x00000057ec5ff1d0)
0x00000057ec5ff1d0:   0000000000000000 000001a5fdf72330
0x00000057ec5ff1e0:   00007ffdf3ec4720 00007ffe61175be0
0x00000057ec5ff1f0:   000001a5fdf72338 00007ffea3b142d6
0x00000057ec5ff200:   000081fe606a9b59 000001a500000000
0x00000057ec5ff210:   000001a5fdf72358 000001a5fdf72330
0x00000057ec5ff220:   fffffffffffffffe 0000000000000000
0x00000057ec5ff230:   0000000000000001 00007ffe61150000
0x00000057ec5ff240:   00000057ec5ff2b8 00007ffea3b141fb
0x00000057ec5ff250:   0000000000000000 00000057ec5ff2c8
0x00000057ec5ff260:   00000057ec5ff5a0 00007ffea3bf0e40
0x00000057ec5ff270:   0000000000000001 00007ffea3b141b4
0x00000057ec5ff280:   0000000000000000 0000000000000001
0x00000057ec5ff290:   000000007ffe0385 00000057ec5ff2b8
0x00000057ec5ff2a0:   ffffffff00000001 00007ffe61175a6d
0x00000057ec5ff2b0:   00007ffe6118d078 00007ffe00000002
0x00000057ec5ff2c0:   0000000000000002 00000057ec5ff2b0
0x00000057ec5ff2d0:   00007ffea2a30000 00007ffea6249993
0x00000057ec5ff2e0:   0000000000000000 00007ffe61175b92
0x00000057ec5ff2f0:   0000000000000001 0000000000000000
0x00000057ec5ff300:   0000000000000060 00007ffea3bf0e40
0x00000057ec5ff310:   00007ffe973f1d90 0000000000000000
0x00000057ec5ff320:   0000000000000001 00007ffe973f2ef0
0x00000057ec5ff330:   00007ffe61150000 000000007ffe0384
0x00000057ec5ff340:   0000000000000000 00007ffea6249a1d
0x00000057ec5ff350:   00007ffe61150000 0000000000000000
0x00000057ec5ff360:   0000000000000001 000000007ffe0385
0x00000057ec5ff370:   0000000000000000 00007ffea628de41
0x00000057ec5ff380:   000083f46762f800 0000000000000014
0x00000057ec5ff390:   00007ffe61175be0 0000000000000000
0x00000057ec5ff3a0:   0000000000000000 00000057eb9d8000
0x00000057ec5ff3b0:   000001a5fe04ec20 00007ffea628dcda
0x00000057ec5ff3c0:   000001a5fe04e280 00007ffe61150000 

Instructions: (pc=0x00007ffe611782d7)
0x00007ffe611781d7:   8b 4d 58 e8 49 cf ff ff 48 8b 4d 60 e8 40 cf ff
0x00007ffe611781e7:   ff 48 8b 95 80 00 00 00 48 8b 8d 18 01 00 00 e8
0x00007ffe611781f7:   26 c5 ff ff 33 d2 33 c9 e8 8c e1 ff ff 90 48 89
0x00007ffe61178207:   54 24 10 55 48 83 ec 20 48 8b ea 48 b8 00 00 00
0x00007ffe61178217:   00 00 00 00 00 48 83 c4 20 5d c3 cc 40 55 48 8b
0x00007ffe61178227:   ea 48 8b 01 33 c9 81 38 05 00 00 c0 0f 94 c1 8b
0x00007ffe61178237:   c1 5d c3 cc 40 55 48 83 ec 20 48 8b ea 8a 4d 40
0x00007ffe61178247:   48 83 c4 20 5d e9 33 d3 ff ff cc 40 55 48 83 ec
0x00007ffe61178257:   20 48 8b ea 8a 4d 20 e8 21 d3 ff ff 90 48 83 c4
0x00007ffe61178267:   20 5d c3 cc 40 55 48 83 ec 20 48 8b ea 48 83 c4
0x00007ffe61178277:   20 5d e9 82 d1 ff ff cc 40 55 48 83 ec 30 48 8b
0x00007ffe61178287:   ea 48 8b 01 8b 10 48 89 4c 24 28 89 54 24 20 4c
0x00007ffe61178297:   8d 0d 23 d6 ff ff 4c 8b 45 70 8b 55 68 48 8b 4d
0x00007ffe611782a7:   60 e8 c3 d0 ff ff 90 48 83 c4 30 5d c3 cc cc cc
0x00007ffe611782b7:   cc cc cc cc cc cc cc cc cc 40 53 48 83 ec 20 48
0x00007ffe611782c7:   8b 1d 6b 47 01 00 48 85 db 74 16 e8 39 90 ff ff
0x00007ffe611782d7:   4c 8b 00 48 8b d3 48 8b c8 41 ff 90 b0 00 00 00
0x00007ffe611782e7:   90 48 83 c4 20 5b c3 cc cc 40 53 48 83 ec 20 48
0x00007ffe611782f7:   8b 1d ab 48 01 00 48 85 db 74 57 b8 ff ff ff ff
0x00007ffe61178307:   f0 0f c1 43 10 83 f8 01 75 3d 48 85 db 74 38 48
0x00007ffe61178317:   8b 0b 48 85 c9 74 0d ff 15 8c 0f 00 00 48 c7 03
0x00007ffe61178327:   00 00 00 00 48 8b 4b 08 48 85 c9 74 0d e8 ef cd
0x00007ffe61178337:   ff ff 48 c7 43 08 00 00 00 00 ba 18 00 00 00 48
0x00007ffe61178347:   8b cb e8 da cd ff ff 48 c7 05 4f 48 01 00 00 00
0x00007ffe61178357:   00 00 48 83 c4 20 5b c3 cc 40 53 48 83 ec 20 48
0x00007ffe61178367:   8b 1d 1b 48 01 00 48 85 db 74 57 b8 ff ff ff ff
0x00007ffe61178377:   f0 0f c1 43 10 83 f8 01 75 3d 48 85 db 74 38 48
0x00007ffe61178387:   8b 0b 48 85 c9 74 0d ff 15 1c 0f 00 00 48 c7 03
0x00007ffe61178397:   00 00 00 00 48 8b 4b 08 48 85 c9 74 0d e8 7f cd
0x00007ffe611783a7:   ff ff 48 c7 43 08 00 00 00 00 ba 18 00 00 00 48
0x00007ffe611783b7:   8b cb e8 6a cd ff ff 48 c7 05 bf 47 01 00 00 00
0x00007ffe611783c7:   00 00 48 83 c4 20 5b c3 cc 40 53 48 83 ec 20 48 


Stack slot to memory mapping:

stack at sp + 0 slots: 0x0 is null
stack at sp + 1 slots: 0x000001a5fdf72330 points into unknown readable memory: 0xfcc2af53906a9ba6 | a6 9b 6a 90 53 af c2 fc
stack at sp + 2 slots: 0x00007ffdf3ec4720 jvm.dll
stack at sp + 3 slots: 0x00007ffe61175be0 glass.dll
stack at sp + 4 slots: 0x000001a5fdf72338 points into unknown readable memory: 0x000081fe606a9b59 | 59 9b 6a 60 fe 81 00 00
stack at sp + 5 slots: 0x00007ffea3b142d6 ucrtbase.dll
stack at sp + 6 slots: 0x000081fe606a9b59 is an unknown value
stack at sp + 7 slots: 0x000001a500000000 is an unknown value

VM_Operation (0x00000057ee5fed10): Exit, mode: safepoint, requested by thread 0x000001a5c5a350a0


---------------  P R O C E S S  ---------------

Threads class SMR info:
_java_thread_list=0x000001a5c5565830, length=31, elements={
0x000001a5dd16fc40, 0x000001a5fc6c8d90, 0x000001a5fc6c9cb0, 0x000001a5fc6cb920,
0x000001a5fc6ce390, 0x000001a5fc6cf070, 0x000001a5fc6cfad0, 0x000001a5fc6e5900,
0x000001a5fc6e83d0, 0x000001a5fc68efe0, 0x000001a5fd83b860, 0x000001a5fd711fc0,
0x000001a5fd79a390, 0x000001a5fd1fa2b0, 0x000001a5fe11e600, 0x000001a5fe1c5cc0,
0x000001a5fd8d5aa0, 0x000001a5fda90310, 0x000001a5c56b44f0, 0x000001a5c56b4b80,
0x000001a5c56b5210, 0x000001a5c56b3140, 0x000001a5c56b58a0, 0x000001a5c56b5f30,
0x000001a5c56b3e60, 0x000001a5c56b37d0, 0x000001a5c5a322b0, 0x000001a5c5a36450,
0x000001a5c5a32940, 0x000001a5c5a35730, 0x000001a5c5a350a0
}

Java Threads: ( => current thread )
  0x000001a5dd16fc40 JavaThread "main"                              [_thread_blocked, id=17968, stack(0x00000057ebe00000,0x00000057ebf00000) (1024K)]
  0x000001a5fc6c8d90 JavaThread "Reference Handler"          daemon [_thread_blocked, id=1856, stack(0x00000057ec600000,0x00000057ec700000) (1024K)]
  0x000001a5fc6c9cb0 JavaThread "Finalizer"                  daemon [_thread_blocked, id=18564, stack(0x00000057ec700000,0x00000057ec800000) (1024K)]
  0x000001a5fc6cb920 JavaThread "Signal Dispatcher"          daemon [_thread_blocked, id=16704, stack(0x00000057ec800000,0x00000057ec900000) (1024K)]
  0x000001a5fc6ce390 JavaThread "Attach Listener"            daemon [_thread_blocked, id=1208, stack(0x00000057ec900000,0x00000057eca00000) (1024K)]
  0x000001a5fc6cf070 JavaThread "Service Thread"             daemon [_thread_blocked, id=8500, stack(0x00000057eca00000,0x00000057ecb00000) (1024K)]
  0x000001a5fc6cfad0 JavaThread "Monitor Deflation Thread"   daemon [_thread_blocked, id=5472, stack(0x00000057ecb00000,0x00000057ecc00000) (1024K)]
  0x000001a5fc6e5900 JavaThread "C2 CompilerThread0"         daemon [_thread_blocked, id=15056, stack(0x00000057ecc00000,0x00000057ecd00000) (1024K)]
  0x000001a5fc6e83d0 JavaThread "C1 CompilerThread0"         daemon [_thread_blocked, id=15616, stack(0x00000057ecd00000,0x00000057ece00000) (1024K)]
  0x000001a5fc68efe0 JavaThread "Common-Cleaner"             daemon [_thread_blocked, id=18024, stack(0x00000057ece00000,0x00000057ecf00000) (1024K)]
  0x000001a5fd83b860 JavaThread "JDWP Transport Listener: dt_socket" daemon [_thread_blocked, id=6700, stack(0x00000057ed100000,0x00000057ed200000) (1024K)]
  0x000001a5fd711fc0 JavaThread "JDWP Event Helper Thread"   daemon [_thread_blocked, id=3200, stack(0x00000057ed200000,0x00000057ed300000) (1024K)]
  0x000001a5fd79a390 JavaThread "Notification Thread"        daemon [_thread_blocked, id=3284, stack(0x00000057ed400000,0x00000057ed500000) (1024K)]
  0x000001a5fd1fa2b0 JavaThread "JavaFX-Launcher"                   [_thread_blocked, id=17004, stack(0x00000057ed500000,0x00000057ed600000) (1024K)]
  0x000001a5fe11e600 JavaThread "InvokeLaterDispatcher"      daemon [_thread_blocked, id=18708, stack(0x00000057ed800000,0x00000057ed900000) (1024K)]
  0x000001a5fe1c5cc0 JavaThread "JavaFX Application Thread"         [_thread_blocked, id=3376, stack(0x00000057ed900000,0x00000057eda00000) (1024K)]
  0x000001a5fd8d5aa0 JavaThread "Thread-2"                   daemon [_thread_in_native, id=19928, stack(0x00000057edb00000,0x00000057edc00000) (1024K)]
  0x000001a5fda90310 JavaThread "Prism Font Disposer"        daemon [_thread_blocked, id=14724, stack(0x00000057ee800000,0x00000057ee900000) (1024K)]
  0x000001a5c56b44f0 JavaThread "Cleaner-0"                  daemon [_thread_blocked, id=1048, stack(0x00000057ed000000,0x00000057ed100000) (1024K)]
  0x000001a5c56b4b80 JavaThread "Thread-3"                   daemon [_thread_blocked, id=4484, stack(0x00000057ecf00000,0x00000057ed000000) (1024K)]
  0x000001a5c56b5210 JavaThread "Thread-4"                   daemon [_thread_blocked, id=7460, stack(0x00000057ebb00000,0x00000057ebc00000) (1024K)]
  0x000001a5c56b3140 JavaThread "Thread-6"                   daemon [_thread_blocked, id=1156, stack(0x00000057ebd00000,0x00000057ebe00000) (1024K)]
  0x000001a5c56b58a0 JavaThread "Thread-7"                   daemon [_thread_blocked, id=4192, stack(0x00000057ed700000,0x00000057ed800000) (1024K)]
  0x000001a5c56b5f30 JavaThread "Thread-8"                   daemon [_thread_blocked, id=17624, stack(0x00000057eedb0000,0x00000057eeeb0000) (1024K)]
  0x000001a5c56b3e60 JavaThread "Thread-9"                   daemon [_thread_blocked, id=20376, stack(0x00000057eeeb0000,0x00000057eefb0000) (1024K)]
  0x000001a5c56b37d0 JavaThread "Thread-10"                  daemon [_thread_blocked, id=592, stack(0x00000057eefb0000,0x00000057ef0b0000) (1024K)]
  0x000001a5c5a322b0 JavaThread "Thread-11"                  daemon [_thread_blocked, id=19744, stack(0x00000057ef0b0000,0x00000057ef1b0000) (1024K)]
  0x000001a5c5a36450 JavaThread "Thread-12"                  daemon [_thread_blocked, id=10264, stack(0x00000057ef1b0000,0x00000057ef2b0000) (1024K)]
  0x000001a5c5a32940 JavaThread "Thread-13"                  daemon [_thread_blocked, id=14940, stack(0x00000057ef2b0000,0x00000057ef3b0000) (1024K)]
  0x000001a5c5a35730 JavaThread "Thread-14"                  daemon [_thread_blocked, id=6116, stack(0x00000057ef3b0000,0x00000057ef4b0000) (1024K)]
  0x000001a5c5a350a0 JavaThread "SIGINT handler"             daemon [_thread_blocked, id=13300, stack(0x00000057ee500000,0x00000057ee600000) (1024K)]
Total: 31

Other Threads:
=>0x000001a5fc6a82a0 VMThread "VM Thread"                           [id=15764, stack(0x00000057ec500000,0x00000057ec600000) (1024K)]
  0x000001a5dd1d4b70 WorkerThread "GC Thread#0"                     [id=5384, stack(0x00000057ebf00000,0x00000057ec000000) (1024K)]
  0x000001a5fd912c40 WorkerThread "GC Thread#1"                     [id=1384, stack(0x00000057edc00000,0x00000057edd00000) (1024K)]
  0x000001a5fd91cda0 WorkerThread "GC Thread#2"                     [id=8240, stack(0x00000057edd00000,0x00000057ede00000) (1024K)]
  0x000001a5fd91d140 WorkerThread "GC Thread#3"                     [id=18416, stack(0x00000057ede00000,0x00000057edf00000) (1024K)]
  0x000001a5fd915d50 WorkerThread "GC Thread#4"                     [id=13748, stack(0x00000057edf00000,0x00000057ee000000) (1024K)]
  0x000001a5fd9160f0 WorkerThread "GC Thread#5"                     [id=19644, stack(0x00000057ee000000,0x00000057ee100000) (1024K)]
  0x000001a5fd8beb00 WorkerThread "GC Thread#6"                     [id=2168, stack(0x00000057ee100000,0x00000057ee200000) (1024K)]
  0x000001a5fd8bf290 WorkerThread "GC Thread#7"                     [id=14156, stack(0x00000057ee200000,0x00000057ee300000) (1024K)]
  0x000001a5fd8beef0 WorkerThread "GC Thread#8"                     [id=14748, stack(0x00000057ee300000,0x00000057ee400000) (1024K)]
  0x000001a5fd8c0850 WorkerThread "GC Thread#9"                     [id=19204, stack(0x00000057ee400000,0x00000057ee500000) (1024K)]
  0x000001a5dd1e5920 ConcurrentGCThread "G1 Main Marker"            terminated
  0x000001a5dd1e6ad0 WorkerThread "G1 Conc#0"                       [id=15688, stack(0x00000057ec100000,0x00000057ec200000) (1024K)]
  0x000001a5fc55f1c0 ConcurrentGCThread "G1 Refine#0"               terminated
  0x000001a5fc55fb40 ConcurrentGCThread "G1 Service"                terminated
Total: 15

Threads with active compile tasks:
Total: 0

VM state: at safepoint (shutting down)

VM Mutex/Monitor currently owned by a thread:  ([mutex/lock_event])
[0x00007ffdf3e9cd68] Threads_lock - owner thread: 0x000001a5fc6a82a0
[0x00007ffdf3e9ce68] Heap_lock - owner thread: 0x000001a5c5a350a0

Heap address: 0x0000000702e00000, size: 4050 MB, Compressed Oops mode: Zero based, Oop shift amount: 3

CDS archive(s) mapped at: [0x000001a580000000-0x000001a580c90000-0x000001a580c90000), size 13172736, SharedBaseAddress: 0x000001a580000000, ArchiveRelocationMode: 1.
Compressed class space mapped at: 0x000001a581000000-0x000001a5c1000000, reserved size: 1073741824
Narrow klass base: 0x000001a580000000, Narrow klass shift: 0, Narrow klass range: 0x100000000

GC Precious Log:
 CardTable entry size: 512
 Card Set container configuration: InlinePtr #cards 4 size 8 Array Of Cards #cards 16 size 48 Howl #buckets 8 coarsen threshold 3686 Howl Bitmap #cards 512 size 80 coarsen threshold 460 Card regions per heap region 1 cards per card region 4096
 CPUs: 12 total, 12 available
 Memory: 16197M
 Large Page Support: Disabled
 NUMA Support: Disabled
 Compressed Oops: Enabled (Zero based)
 Heap Region Size: 2M
 Heap Min Capacity: 8M
 Heap Initial Capacity: 254M
 Heap Max Capacity: 4050M
 Pre-touch: Disabled
 Parallel Workers: 10
 Concurrent Workers: 3
 Concurrent Refinement Workers: 10
 Periodic GC: Disabled

Heap:
 garbage-first heap   total 260096K, used 57487K [0x0000000702e00000, 0x0000000800000000)
  region size 2048K, 28 young (57344K), 3 survivors (6144K)
 Metaspace       used 16947K, committed 17280K, reserved 1114112K
  class space    used 2603K, committed 2752K, reserved 1048576K

Heap Regions: E=young(eden), S=young(survivor), O=old, HS=humongous(starts), HC=humongous(continues), CS=collection set, F=free, TAMS=top-at-mark-start, PB=parsable bottom
|   0|0x0000000702e00000, 0x0000000702e23cf0, 0x0000000703000000|  6%| O|  |TAMS 0x0000000702e00000| PB 0x0000000702e00000| Untracked 
|   1|0x0000000703000000, 0x0000000703200000, 0x0000000703200000|100%|HS|  |TAMS 0x0000000703000000| PB 0x0000000703000000| Complete 
|   2|0x0000000703200000, 0x0000000703200000, 0x0000000703400000|  0%| F|  |TAMS 0x0000000703200000| PB 0x0000000703200000| Untracked 
|   3|0x0000000703400000, 0x0000000703400000, 0x0000000703600000|  0%| F|  |TAMS 0x0000000703400000| PB 0x0000000703400000| Untracked 
|   4|0x0000000703600000, 0x0000000703600000, 0x0000000703800000|  0%| F|  |TAMS 0x0000000703600000| PB 0x0000000703600000| Untracked 
|   5|0x0000000703800000, 0x0000000703800000, 0x0000000703a00000|  0%| F|  |TAMS 0x0000000703800000| PB 0x0000000703800000| Untracked 
|   6|0x0000000703a00000, 0x0000000703a00000, 0x0000000703c00000|  0%| F|  |TAMS 0x0000000703a00000| PB 0x0000000703a00000| Untracked 
|   7|0x0000000703c00000, 0x0000000703c00000, 0x0000000703e00000|  0%| F|  |TAMS 0x0000000703c00000| PB 0x0000000703c00000| Untracked 
|   8|0x0000000703e00000, 0x0000000703e00000, 0x0000000704000000|  0%| F|  |TAMS 0x0000000703e00000| PB 0x0000000703e00000| Untracked 
|   9|0x0000000704000000, 0x0000000704000000, 0x0000000704200000|  0%| F|  |TAMS 0x0000000704000000| PB 0x0000000704000000| Untracked 
|  10|0x0000000704200000, 0x0000000704200000, 0x0000000704400000|  0%| F|  |TAMS 0x0000000704200000| PB 0x0000000704200000| Untracked 
|  11|0x0000000704400000, 0x0000000704400000, 0x0000000704600000|  0%| F|  |TAMS 0x0000000704400000| PB 0x0000000704400000| Untracked 
|  12|0x0000000704600000, 0x0000000704600000, 0x0000000704800000|  0%| F|  |TAMS 0x0000000704600000| PB 0x0000000704600000| Untracked 
|  13|0x0000000704800000, 0x0000000704800000, 0x0000000704a00000|  0%| F|  |TAMS 0x0000000704800000| PB 0x0000000704800000| Untracked 
|  14|0x0000000704a00000, 0x0000000704a00000, 0x0000000704c00000|  0%| F|  |TAMS 0x0000000704a00000| PB 0x0000000704a00000| Untracked 
|  15|0x0000000704c00000, 0x0000000704c00000, 0x0000000704e00000|  0%| F|  |TAMS 0x0000000704c00000| PB 0x0000000704c00000| Untracked 
|  16|0x0000000704e00000, 0x0000000704e00000, 0x0000000705000000|  0%| F|  |TAMS 0x0000000704e00000| PB 0x0000000704e00000| Untracked 
|  17|0x0000000705000000, 0x0000000705000000, 0x0000000705200000|  0%| F|  |TAMS 0x0000000705000000| PB 0x0000000705000000| Untracked 
|  18|0x0000000705200000, 0x0000000705200000, 0x0000000705400000|  0%| F|  |TAMS 0x0000000705200000| PB 0x0000000705200000| Untracked 
|  19|0x0000000705400000, 0x0000000705400000, 0x0000000705600000|  0%| F|  |TAMS 0x0000000705400000| PB 0x0000000705400000| Untracked 
|  20|0x0000000705600000, 0x0000000705600000, 0x0000000705800000|  0%| F|  |TAMS 0x0000000705600000| PB 0x0000000705600000| Untracked 
|  21|0x0000000705800000, 0x0000000705800000, 0x0000000705a00000|  0%| F|  |TAMS 0x0000000705800000| PB 0x0000000705800000| Untracked 
|  22|0x0000000705a00000, 0x0000000705a00000, 0x0000000705c00000|  0%| F|  |TAMS 0x0000000705a00000| PB 0x0000000705a00000| Untracked 
|  23|0x0000000705c00000, 0x0000000705c00000, 0x0000000705e00000|  0%| F|  |TAMS 0x0000000705c00000| PB 0x0000000705c00000| Untracked 
|  24|0x0000000705e00000, 0x0000000705e00000, 0x0000000706000000|  0%| F|  |TAMS 0x0000000705e00000| PB 0x0000000705e00000| Untracked 
|  25|0x0000000706000000, 0x0000000706000000, 0x0000000706200000|  0%| F|  |TAMS 0x0000000706000000| PB 0x0000000706000000| Untracked 
|  26|0x0000000706200000, 0x0000000706200000, 0x0000000706400000|  0%| F|  |TAMS 0x0000000706200000| PB 0x0000000706200000| Untracked 
|  27|0x0000000706400000, 0x0000000706400000, 0x0000000706600000|  0%| F|  |TAMS 0x0000000706400000| PB 0x0000000706400000| Untracked 
|  28|0x0000000706600000, 0x0000000706600000, 0x0000000706800000|  0%| F|  |TAMS 0x0000000706600000| PB 0x0000000706600000| Untracked 
|  29|0x0000000706800000, 0x0000000706800000, 0x0000000706a00000|  0%| F|  |TAMS 0x0000000706800000| PB 0x0000000706800000| Untracked 
|  30|0x0000000706a00000, 0x0000000706a00000, 0x0000000706c00000|  0%| F|  |TAMS 0x0000000706a00000| PB 0x0000000706a00000| Untracked 
|  31|0x0000000706c00000, 0x0000000706c00000, 0x0000000706e00000|  0%| F|  |TAMS 0x0000000706c00000| PB 0x0000000706c00000| Untracked 
|  32|0x0000000706e00000, 0x0000000706e00000, 0x0000000707000000|  0%| F|  |TAMS 0x0000000706e00000| PB 0x0000000706e00000| Untracked 
|  33|0x0000000707000000, 0x0000000707000000, 0x0000000707200000|  0%| F|  |TAMS 0x0000000707000000| PB 0x0000000707000000| Untracked 
|  34|0x0000000707200000, 0x0000000707200000, 0x0000000707400000|  0%| F|  |TAMS 0x0000000707200000| PB 0x0000000707200000| Untracked 
|  35|0x0000000707400000, 0x0000000707400000, 0x0000000707600000|  0%| F|  |TAMS 0x0000000707400000| PB 0x0000000707400000| Untracked 
|  36|0x0000000707600000, 0x0000000707600000, 0x0000000707800000|  0%| F|  |TAMS 0x0000000707600000| PB 0x0000000707600000| Untracked 
|  37|0x0000000707800000, 0x0000000707800000, 0x0000000707a00000|  0%| F|  |TAMS 0x0000000707800000| PB 0x0000000707800000| Untracked 
|  38|0x0000000707a00000, 0x0000000707a00000, 0x0000000707c00000|  0%| F|  |TAMS 0x0000000707a00000| PB 0x0000000707a00000| Untracked 
|  39|0x0000000707c00000, 0x0000000707c00000, 0x0000000707e00000|  0%| F|  |TAMS 0x0000000707c00000| PB 0x0000000707c00000| Untracked 
|  40|0x0000000707e00000, 0x0000000707e00000, 0x0000000708000000|  0%| F|  |TAMS 0x0000000707e00000| PB 0x0000000707e00000| Untracked 
|  41|0x0000000708000000, 0x0000000708000000, 0x0000000708200000|  0%| F|  |TAMS 0x0000000708000000| PB 0x0000000708000000| Untracked 
|  42|0x0000000708200000, 0x0000000708200000, 0x0000000708400000|  0%| F|  |TAMS 0x0000000708200000| PB 0x0000000708200000| Untracked 
|  43|0x0000000708400000, 0x0000000708400000, 0x0000000708600000|  0%| F|  |TAMS 0x0000000708400000| PB 0x0000000708400000| Untracked 
|  44|0x0000000708600000, 0x0000000708600000, 0x0000000708800000|  0%| F|  |TAMS 0x0000000708600000| PB 0x0000000708600000| Untracked 
|  45|0x0000000708800000, 0x0000000708800000, 0x0000000708a00000|  0%| F|  |TAMS 0x0000000708800000| PB 0x0000000708800000| Untracked 
|  46|0x0000000708a00000, 0x0000000708a00000, 0x0000000708c00000|  0%| F|  |TAMS 0x0000000708a00000| PB 0x0000000708a00000| Untracked 
|  47|0x0000000708c00000, 0x0000000708c00000, 0x0000000708e00000|  0%| F|  |TAMS 0x0000000708c00000| PB 0x0000000708c00000| Untracked 
|  48|0x0000000708e00000, 0x0000000708e00000, 0x0000000709000000|  0%| F|  |TAMS 0x0000000708e00000| PB 0x0000000708e00000| Untracked 
|  49|0x0000000709000000, 0x0000000709000000, 0x0000000709200000|  0%| F|  |TAMS 0x0000000709000000| PB 0x0000000709000000| Untracked 
|  50|0x0000000709200000, 0x0000000709200000, 0x0000000709400000|  0%| F|  |TAMS 0x0000000709200000| PB 0x0000000709200000| Untracked 
|  51|0x0000000709400000, 0x0000000709400000, 0x0000000709600000|  0%| F|  |TAMS 0x0000000709400000| PB 0x0000000709400000| Untracked 
|  52|0x0000000709600000, 0x0000000709600000, 0x0000000709800000|  0%| F|  |TAMS 0x0000000709600000| PB 0x0000000709600000| Untracked 
|  53|0x0000000709800000, 0x0000000709800000, 0x0000000709a00000|  0%| F|  |TAMS 0x0000000709800000| PB 0x0000000709800000| Untracked 
|  54|0x0000000709a00000, 0x0000000709a00000, 0x0000000709c00000|  0%| F|  |TAMS 0x0000000709a00000| PB 0x0000000709a00000| Untracked 
|  55|0x0000000709c00000, 0x0000000709c00000, 0x0000000709e00000|  0%| F|  |TAMS 0x0000000709c00000| PB 0x0000000709c00000| Untracked 
|  56|0x0000000709e00000, 0x0000000709e00000, 0x000000070a000000|  0%| F|  |TAMS 0x0000000709e00000| PB 0x0000000709e00000| Untracked 
|  57|0x000000070a000000, 0x000000070a000000, 0x000000070a200000|  0%| F|  |TAMS 0x000000070a000000| PB 0x000000070a000000| Untracked 
|  58|0x000000070a200000, 0x000000070a200000, 0x000000070a400000|  0%| F|  |TAMS 0x000000070a200000| PB 0x000000070a200000| Untracked 
|  59|0x000000070a400000, 0x000000070a400000, 0x000000070a600000|  0%| F|  |TAMS 0x000000070a400000| PB 0x000000070a400000| Untracked 
|  60|0x000000070a600000, 0x000000070a600000, 0x000000070a800000|  0%| F|  |TAMS 0x000000070a600000| PB 0x000000070a600000| Untracked 
|  61|0x000000070a800000, 0x000000070a800000, 0x000000070aa00000|  0%| F|  |TAMS 0x000000070a800000| PB 0x000000070a800000| Untracked 
|  62|0x000000070aa00000, 0x000000070aa00000, 0x000000070ac00000|  0%| F|  |TAMS 0x000000070aa00000| PB 0x000000070aa00000| Untracked 
|  63|0x000000070ac00000, 0x000000070ac00000, 0x000000070ae00000|  0%| F|  |TAMS 0x000000070ac00000| PB 0x000000070ac00000| Untracked 
|  64|0x000000070ae00000, 0x000000070ae00000, 0x000000070b000000|  0%| F|  |TAMS 0x000000070ae00000| PB 0x000000070ae00000| Untracked 
|  65|0x000000070b000000, 0x000000070b000000, 0x000000070b200000|  0%| F|  |TAMS 0x000000070b000000| PB 0x000000070b000000| Untracked 
|  66|0x000000070b200000, 0x000000070b200000, 0x000000070b400000|  0%| F|  |TAMS 0x000000070b200000| PB 0x000000070b200000| Untracked 
|  67|0x000000070b400000, 0x000000070b400000, 0x000000070b600000|  0%| F|  |TAMS 0x000000070b400000| PB 0x000000070b400000| Untracked 
|  68|0x000000070b600000, 0x000000070b600000, 0x000000070b800000|  0%| F|  |TAMS 0x000000070b600000| PB 0x000000070b600000| Untracked 
|  69|0x000000070b800000, 0x000000070b800000, 0x000000070ba00000|  0%| F|  |TAMS 0x000000070b800000| PB 0x000000070b800000| Untracked 
|  70|0x000000070ba00000, 0x000000070ba00000, 0x000000070bc00000|  0%| F|  |TAMS 0x000000070ba00000| PB 0x000000070ba00000| Untracked 
|  71|0x000000070bc00000, 0x000000070bc00000, 0x000000070be00000|  0%| F|  |TAMS 0x000000070bc00000| PB 0x000000070bc00000| Untracked 
|  72|0x000000070be00000, 0x000000070be00000, 0x000000070c000000|  0%| F|  |TAMS 0x000000070be00000| PB 0x000000070be00000| Untracked 
|  73|0x000000070c000000, 0x000000070c000000, 0x000000070c200000|  0%| F|  |TAMS 0x000000070c000000| PB 0x000000070c000000| Untracked 
|  74|0x000000070c200000, 0x000000070c200000, 0x000000070c400000|  0%| F|  |TAMS 0x000000070c200000| PB 0x000000070c200000| Untracked 
|  75|0x000000070c400000, 0x000000070c400000, 0x000000070c600000|  0%| F|  |TAMS 0x000000070c400000| PB 0x000000070c400000| Untracked 
|  76|0x000000070c600000, 0x000000070c600000, 0x000000070c800000|  0%| F|  |TAMS 0x000000070c600000| PB 0x000000070c600000| Untracked 
|  77|0x000000070c800000, 0x000000070c800000, 0x000000070ca00000|  0%| F|  |TAMS 0x000000070c800000| PB 0x000000070c800000| Untracked 
|  78|0x000000070ca00000, 0x000000070ca00000, 0x000000070cc00000|  0%| F|  |TAMS 0x000000070ca00000| PB 0x000000070ca00000| Untracked 
|  79|0x000000070cc00000, 0x000000070cc00000, 0x000000070ce00000|  0%| F|  |TAMS 0x000000070cc00000| PB 0x000000070cc00000| Untracked 
|  80|0x000000070ce00000, 0x000000070ce00000, 0x000000070d000000|  0%| F|  |TAMS 0x000000070ce00000| PB 0x000000070ce00000| Untracked 
|  81|0x000000070d000000, 0x000000070d000000, 0x000000070d200000|  0%| F|  |TAMS 0x000000070d000000| PB 0x000000070d000000| Untracked 
|  82|0x000000070d200000, 0x000000070d200000, 0x000000070d400000|  0%| F|  |TAMS 0x000000070d200000| PB 0x000000070d200000| Untracked 
|  83|0x000000070d400000, 0x000000070d400000, 0x000000070d600000|  0%| F|  |TAMS 0x000000070d400000| PB 0x000000070d400000| Untracked 
|  84|0x000000070d600000, 0x000000070d600000, 0x000000070d800000|  0%| F|  |TAMS 0x000000070d600000| PB 0x000000070d600000| Untracked 
|  85|0x000000070d800000, 0x000000070d800000, 0x000000070da00000|  0%| F|  |TAMS 0x000000070d800000| PB 0x000000070d800000| Untracked 
|  86|0x000000070da00000, 0x000000070da00000, 0x000000070dc00000|  0%| F|  |TAMS 0x000000070da00000| PB 0x000000070da00000| Untracked 
|  87|0x000000070dc00000, 0x000000070dc00000, 0x000000070de00000|  0%| F|  |TAMS 0x000000070dc00000| PB 0x000000070dc00000| Untracked 
|  88|0x000000070de00000, 0x000000070de00000, 0x000000070e000000|  0%| F|  |TAMS 0x000000070de00000| PB 0x000000070de00000| Untracked 
|  89|0x000000070e000000, 0x000000070e000000, 0x000000070e200000|  0%| F|  |TAMS 0x000000070e000000| PB 0x000000070e000000| Untracked 
|  90|0x000000070e200000, 0x000000070e200000, 0x000000070e400000|  0%| F|  |TAMS 0x000000070e200000| PB 0x000000070e200000| Untracked 
|  91|0x000000070e400000, 0x000000070e400000, 0x000000070e600000|  0%| F|  |TAMS 0x000000070e400000| PB 0x000000070e400000| Untracked 
|  92|0x000000070e600000, 0x000000070e600000, 0x000000070e800000|  0%| F|  |TAMS 0x000000070e600000| PB 0x000000070e600000| Untracked 
|  93|0x000000070e800000, 0x000000070e800000, 0x000000070ea00000|  0%| F|  |TAMS 0x000000070e800000| PB 0x000000070e800000| Untracked 
|  94|0x000000070ea00000, 0x000000070ea00000, 0x000000070ec00000|  0%| F|  |TAMS 0x000000070ea00000| PB 0x000000070ea00000| Untracked 
|  95|0x000000070ec00000, 0x000000070ec00000, 0x000000070ee00000|  0%| F|  |TAMS 0x000000070ec00000| PB 0x000000070ec00000| Untracked 
|  96|0x000000070ee00000, 0x000000070ee00000, 0x000000070f000000|  0%| F|  |TAMS 0x000000070ee00000| PB 0x000000070ee00000| Untracked 
|  97|0x000000070f000000, 0x000000070f000000, 0x000000070f200000|  0%| F|  |TAMS 0x000000070f000000| PB 0x000000070f000000| Untracked 
|  98|0x000000070f200000, 0x000000070f200000, 0x000000070f400000|  0%| F|  |TAMS 0x000000070f200000| PB 0x000000070f200000| Untracked 
|  99|0x000000070f400000, 0x000000070f47d180, 0x000000070f600000| 24%| E|  |TAMS 0x000000070f400000| PB 0x000000070f400000| Complete 
| 100|0x000000070f600000, 0x000000070f800000, 0x000000070f800000|100%| E|CS|TAMS 0x000000070f600000| PB 0x000000070f600000| Complete 
| 101|0x000000070f800000, 0x000000070fa00000, 0x000000070fa00000|100%| E|CS|TAMS 0x000000070f800000| PB 0x000000070f800000| Complete 
| 102|0x000000070fa00000, 0x000000070fc00000, 0x000000070fc00000|100%| S|CS|TAMS 0x000000070fa00000| PB 0x000000070fa00000| Complete 
| 103|0x000000070fc00000, 0x000000070fe00000, 0x000000070fe00000|100%| S|CS|TAMS 0x000000070fc00000| PB 0x000000070fc00000| Complete 
| 104|0x000000070fe00000, 0x0000000710000000, 0x0000000710000000|100%| S|CS|TAMS 0x000000070fe00000| PB 0x000000070fe00000| Complete 
| 105|0x0000000710000000, 0x0000000710200000, 0x0000000710200000|100%| E|CS|TAMS 0x0000000710000000| PB 0x0000000710000000| Complete 
| 106|0x0000000710200000, 0x0000000710400000, 0x0000000710400000|100%| E|CS|TAMS 0x0000000710200000| PB 0x0000000710200000| Complete 
| 107|0x0000000710400000, 0x0000000710600000, 0x0000000710600000|100%| E|CS|TAMS 0x0000000710400000| PB 0x0000000710400000| Complete 
| 108|0x0000000710600000, 0x0000000710800000, 0x0000000710800000|100%| E|CS|TAMS 0x0000000710600000| PB 0x0000000710600000| Complete 
| 109|0x0000000710800000, 0x0000000710a00000, 0x0000000710a00000|100%| E|CS|TAMS 0x0000000710800000| PB 0x0000000710800000| Complete 
| 110|0x0000000710a00000, 0x0000000710c00000, 0x0000000710c00000|100%| E|CS|TAMS 0x0000000710a00000| PB 0x0000000710a00000| Complete 
| 111|0x0000000710c00000, 0x0000000710e00000, 0x0000000710e00000|100%| E|CS|TAMS 0x0000000710c00000| PB 0x0000000710c00000| Complete 
| 112|0x0000000710e00000, 0x0000000711000000, 0x0000000711000000|100%| E|CS|TAMS 0x0000000710e00000| PB 0x0000000710e00000| Complete 
| 113|0x0000000711000000, 0x0000000711200000, 0x0000000711200000|100%| E|CS|TAMS 0x0000000711000000| PB 0x0000000711000000| Complete 
| 114|0x0000000711200000, 0x0000000711400000, 0x0000000711400000|100%| E|CS|TAMS 0x0000000711200000| PB 0x0000000711200000| Complete 
| 115|0x0000000711400000, 0x0000000711600000, 0x0000000711600000|100%| E|CS|TAMS 0x0000000711400000| PB 0x0000000711400000| Complete 
| 116|0x0000000711600000, 0x0000000711800000, 0x0000000711800000|100%| E|CS|TAMS 0x0000000711600000| PB 0x0000000711600000| Complete 
| 117|0x0000000711800000, 0x0000000711a00000, 0x0000000711a00000|100%| E|CS|TAMS 0x0000000711800000| PB 0x0000000711800000| Complete 
| 118|0x0000000711a00000, 0x0000000711c00000, 0x0000000711c00000|100%| E|CS|TAMS 0x0000000711a00000| PB 0x0000000711a00000| Complete 
| 119|0x0000000711c00000, 0x0000000711e00000, 0x0000000711e00000|100%| E|CS|TAMS 0x0000000711c00000| PB 0x0000000711c00000| Complete 
| 120|0x0000000711e00000, 0x0000000712000000, 0x0000000712000000|100%| E|CS|TAMS 0x0000000711e00000| PB 0x0000000711e00000| Complete 
| 121|0x0000000712000000, 0x0000000712200000, 0x0000000712200000|100%| E|CS|TAMS 0x0000000712000000| PB 0x0000000712000000| Complete 
| 122|0x0000000712200000, 0x0000000712400000, 0x0000000712400000|100%| E|CS|TAMS 0x0000000712200000| PB 0x0000000712200000| Complete 
| 123|0x0000000712400000, 0x0000000712600000, 0x0000000712600000|100%| E|CS|TAMS 0x0000000712400000| PB 0x0000000712400000| Complete 
| 124|0x0000000712600000, 0x0000000712800000, 0x0000000712800000|100%| E|CS|TAMS 0x0000000712600000| PB 0x0000000712600000| Complete 
| 125|0x0000000712800000, 0x0000000712a00000, 0x0000000712a00000|100%| E|CS|TAMS 0x0000000712800000| PB 0x0000000712800000| Complete 
| 126|0x0000000712a00000, 0x0000000712c00000, 0x0000000712c00000|100%| E|CS|TAMS 0x0000000712a00000| PB 0x0000000712a00000| Complete 

Card table byte_map: [0x000001a5f5320000,0x000001a5f5b10000] _byte_map_base: 0x000001a5f1b09000

Marking Bits: (CMBitMap*) 0x000001a5dd1d5180
 Bits: [0x000001a5f5b10000, 0x000001a5f9a58000)

Polling page: 0x000001a5db110000

Metaspace:

Usage:
  Non-class:     14.01 MB used.
      Class:      2.54 MB used.
       Both:     16.55 MB used.

Virtual space:
  Non-class space:       64.00 MB reserved,      14.19 MB ( 22%) committed,  1 nodes.
      Class space:        1.00 GB reserved,       2.69 MB ( <1%) committed,  1 nodes.
             Both:        1.06 GB reserved,      16.88 MB (  2%) committed. 

Chunk freelists:
   Non-Class:  1.47 MB
       Class:  13.14 MB
        Both:  14.61 MB

MaxMetaspaceSize: unlimited
CompressedClassSpaceSize: 1.00 GB
Initial GC threshold: 21.00 MB
Current GC threshold: 21.00 MB
CDS: on
 - commit_granule_bytes: 65536.
 - commit_granule_words: 8192.
 - virtual_space_node_default_size: 8388608.
 - enlarge_chunks_in_place: 1.
 - use_allocation_guard: 0.


Internal statistics:

num_allocs_failed_limit: 0.
num_arena_births: 356.
num_arena_deaths: 0.
num_vsnodes_births: 2.
num_vsnodes_deaths: 0.
num_space_committed: 270.
num_space_uncommitted: 0.
num_chunks_returned_to_freelist: 0.
num_chunks_taken_from_freelist: 987.
num_chunk_merges: 0.
num_chunk_splits: 644.
num_chunks_enlarged: 444.
num_inconsistent_stats: 0.

CodeHeap 'non-profiled nmethods': size=120000Kb used=1489Kb max_used=1489Kb free=118510Kb
 bounds [0x000001a5ed0a0000, 0x000001a5ed310000, 0x000001a5f45d0000]
CodeHeap 'profiled nmethods': size=120000Kb used=6001Kb max_used=6001Kb free=113998Kb
 bounds [0x000001a5e55d0000, 0x000001a5e5bb0000, 0x000001a5ecb00000]
CodeHeap 'non-nmethods': size=5760Kb used=1924Kb max_used=1935Kb free=3835Kb
 bounds [0x000001a5ecb00000, 0x000001a5ecd70000, 0x000001a5ed0a0000]
 total_blobs=3992 nmethods=3135 adapters=760
 compilation: enabled
              stopped_count=0, restarted_count=0
 full_count=0

Compilation events (20 events):
Event: 155.247 Thread 0x000001a5fc6e83d0 nmethod 3113 0x000001a5ed20e810 code [0x000001a5ed20e9a0, 0x000001a5ed20ea70]
Event: 155.253 Thread 0x000001a5fc6e5900 nmethod 3111% 0x000001a5ed20eb10 code [0x000001a5ed20ed20, 0x000001a5ed20fa40]
Event: 155.253 Thread 0x000001a5fc6e5900 3114   !   4       pt.isec.pa.javalife.model.data.Ecossistema::verificaSobreposicao (121 bytes)
Event: 155.253 Thread 0x000001a5fc6e83d0 3115       3       pt.isec.pa.javalife.model.data.Flora::setForca (16 bytes)
Event: 155.253 Thread 0x000001a5fc6e83d0 nmethod 3115 0x000001a5e5baa810 code [0x000001a5e5baa9e0, 0x000001a5e5baab70]
Event: 155.253 Thread 0x000001a5fc6e83d0 3116       3       pt.isec.pa.javalife.model.data.Inanimado::getType (4 bytes)
Event: 155.253 Thread 0x000001a5fc6e83d0 nmethod 3116 0x000001a5e5baac10 code [0x000001a5e5baada0, 0x000001a5e5baaeb8]
Event: 155.253 Thread 0x000001a5fc6e83d0 3117       3       pt.isec.pa.javalife.model.data.Flora::reduzirForcaSobreposicao (14 bytes)
Event: 155.254 Thread 0x000001a5fc6e83d0 nmethod 3117 0x000001a5e5baaf90 code [0x000001a5e5bab140, 0x000001a5e5bab328]
Event: 155.259 Thread 0x000001a5fc6e83d0 3123       1       java.util.logging.LogManager$LoggerContext::getOwner (5 bytes)
Event: 155.259 Thread 0x000001a5fc6e83d0 nmethod 3123 0x000001a5ed210e90 code [0x000001a5ed211020, 0x000001a5ed2110f0]
Event: 155.261 Thread 0x000001a5fc6e5900 nmethod 3114 0x000001a5ed211490 code [0x000001a5ed2116c0, 0x000001a5ed212568]
Event: 155.267 Thread 0x000001a5fc6e5900 3127       4       java.lang.invoke.DirectMethodHandle::internalMemberName (8 bytes)
Event: 155.267 Thread 0x000001a5fc6e5900 nmethod 3127 0x000001a5ed213290 code [0x000001a5ed213420, 0x000001a5ed2134c8]
Event: 155.276 Thread 0x000001a5fc6e83d0 3130       3       jdk.internal.math.DoubleToDecimal::appendDigit (22 bytes)
Event: 155.277 Thread 0x000001a5fc6e83d0 nmethod 3130 0x000001a5e5bab410 code [0x000001a5e5bab5c0, 0x000001a5e5bab708]
Event: 155.277 Thread 0x000001a5fc6e83d0 3132       3       java.lang.invoke.DirectMethodHandle$Holder::invokeStatic (17 bytes)
Event: 155.277 Thread 0x000001a5fc6e83d0 nmethod 3132 0x000001a5e5bab810 code [0x000001a5e5bab9e0, 0x000001a5e5babd88]
Event: 155.277 Thread 0x000001a5fc6e83d0 3131       3       java.lang.invoke.DelegatingMethodHandle$Holder::reinvoke_L (20 bytes)
Event: 155.277 Thread 0x000001a5fc6e83d0 nmethod 3131 0x000001a5e5babe90 code [0x000001a5e5bac060, 0x000001a5e5bac478]

GC Heap History (4 events):
Event: 0.467 GC heap before
{Heap before GC invocations=0 (full 0):
 garbage-first heap   total 260096K, used 22528K [0x0000000702e00000, 0x0000000800000000)
  region size 2048K, 11 young (22528K), 0 survivors (0K)
 Metaspace       used 4352K, committed 4544K, reserved 1114112K
  class space    used 430K, committed 512K, reserved 1048576K
}
Event: 0.468 GC heap after
{Heap after GC invocations=1 (full 0):
 garbage-first heap   total 260096K, used 2634K [0x0000000702e00000, 0x0000000800000000)
  region size 2048K, 2 young (4096K), 2 survivors (4096K)
 Metaspace       used 4352K, committed 4544K, reserved 1114112K
  class space    used 430K, committed 512K, reserved 1048576K
}
Event: 0.802 GC heap before
{Heap before GC invocations=1 (full 0):
 garbage-first heap   total 260096K, used 41546K [0x0000000702e00000, 0x0000000800000000)
  region size 2048K, 22 young (45056K), 2 survivors (4096K)
 Metaspace       used 10010K, committed 10240K, reserved 1114112K
  class space    used 1424K, committed 1536K, reserved 1048576K
}
Event: 0.804 GC heap after
{Heap after GC invocations=2 (full 0):
 garbage-first heap   total 260096K, used 6287K [0x0000000702e00000, 0x0000000800000000)
  region size 2048K, 3 young (6144K), 3 survivors (6144K)
 Metaspace       used 10010K, committed 10240K, reserved 1114112K
  class space    used 1424K, committed 1536K, reserved 1048576K
}

Dll operation events (20 events):
Event: 0.255 Loaded shared library Z:\Program Files\Java\javafx-sdk-22.0.1\bin\api-ms-win-crt-locale-l1-1-0.dll
Event: 0.256 Loaded shared library Z:\Program Files\Java\javafx-sdk-22.0.1\bin\api-ms-win-crt-math-l1-1-0.dll
Event: 0.256 Loaded shared library Z:\Program Files\Java\javafx-sdk-22.0.1\bin\api-ms-win-crt-multibyte-l1-1-0.dll
Event: 0.257 Loaded shared library Z:\Program Files\Java\javafx-sdk-22.0.1\bin\api-ms-win-crt-private-l1-1-0.dll
Event: 0.257 Loaded shared library Z:\Program Files\Java\javafx-sdk-22.0.1\bin\api-ms-win-crt-process-l1-1-0.dll
Event: 0.258 Loaded shared library Z:\Program Files\Java\javafx-sdk-22.0.1\bin\api-ms-win-crt-runtime-l1-1-0.dll
Event: 0.258 Loaded shared library Z:\Program Files\Java\javafx-sdk-22.0.1\bin\api-ms-win-crt-stdio-l1-1-0.dll
Event: 0.259 Loaded shared library Z:\Program Files\Java\javafx-sdk-22.0.1\bin\api-ms-win-crt-string-l1-1-0.dll
Event: 0.259 Loaded shared library Z:\Program Files\Java\javafx-sdk-22.0.1\bin\api-ms-win-crt-time-l1-1-0.dll
Event: 0.260 Loaded shared library Z:\Program Files\Java\javafx-sdk-22.0.1\bin\api-ms-win-crt-utility-l1-1-0.dll
Event: 0.260 Loaded shared library Z:\Program Files\Java\javafx-sdk-22.0.1\bin\ucrtbase.dll
Event: 0.261 Loaded shared library Z:\Program Files\Java\javafx-sdk-22.0.1\bin\vcruntime140.dll
Event: 0.261 Loaded shared library Z:\Program Files\Java\javafx-sdk-22.0.1\bin\vcruntime140_1.dll
Event: 0.262 Loaded shared library Z:\Program Files\Java\javafx-sdk-22.0.1\bin\msvcp140.dll
Event: 0.263 Loaded shared library Z:\Program Files\Java\javafx-sdk-22.0.1\bin\msvcp140_1.dll
Event: 0.263 Loaded shared library Z:\Program Files\Java\javafx-sdk-22.0.1\bin\msvcp140_2.dll
Event: 0.288 Loaded shared library Z:\Program Files\Java\javafx-sdk-22.0.1\bin\prism_d3d.dll
Event: 0.354 Loaded shared library Z:\Program Files\Java\javafx-sdk-22.0.1\bin\glass.dll
Event: 0.504 Loaded shared library C:\Users\incly_nn88esr\.jdks\openjdk-21.0.2\bin\jimage.dll
Event: 0.667 Loaded shared library Z:\Program Files\Java\javafx-sdk-22.0.1\bin\javafx_font.dll

Deoptimization events (20 events):
Event: 155.259 Thread 0x000001a5c56b2ab0 DEOPT PACKING pc=0x000001a5e5ba9d49 sp=0x00000057ebcff0f0
Event: 155.259 Thread 0x000001a5c56b2ab0 DEOPT UNPACKING pc=0x000001a5ecb54e42 sp=0x00000057ebcfe598 mode 0
Event: 155.259 Thread 0x000001a5c56b2ab0 DEOPT PACKING pc=0x000001a5e5ba9d49 sp=0x00000057ebcff0f0
Event: 155.259 Thread 0x000001a5c56b2ab0 DEOPT UNPACKING pc=0x000001a5ecb54e42 sp=0x00000057ebcfe598 mode 0
Event: 155.260 Thread 0x000001a5c56b2ab0 DEOPT PACKING pc=0x000001a5e5ba9d49 sp=0x00000057ebcff0f0
Event: 155.260 Thread 0x000001a5c56b2ab0 DEOPT UNPACKING pc=0x000001a5ecb54e42 sp=0x00000057ebcfe598 mode 0
Event: 155.260 Thread 0x000001a5c5a30870 DEOPT PACKING pc=0x000001a5e579475c sp=0x00000057ee6ff120
Event: 155.260 Thread 0x000001a5c5a30870 DEOPT UNPACKING pc=0x000001a5ecb54e42 sp=0x00000057ee6fe580 mode 1
Event: 155.260 Thread 0x000001a5c56b2ab0 DEOPT PACKING pc=0x000001a5e5ba9d49 sp=0x00000057ebcff0f0
Event: 155.260 Thread 0x000001a5c56b2ab0 DEOPT UNPACKING pc=0x000001a5ecb54e42 sp=0x00000057ebcfe598 mode 0
Event: 155.260 Thread 0x000001a5c56b2ab0 DEOPT PACKING pc=0x000001a5e5ba9d49 sp=0x00000057ebcff0f0
Event: 155.260 Thread 0x000001a5c56b2ab0 DEOPT UNPACKING pc=0x000001a5ecb54e42 sp=0x00000057ebcfe598 mode 0
Event: 155.261 Thread 0x000001a5c56b2ab0 DEOPT PACKING pc=0x000001a5e5ba9d49 sp=0x00000057ebcff0f0
Event: 155.261 Thread 0x000001a5c56b2ab0 DEOPT UNPACKING pc=0x000001a5ecb54e42 sp=0x00000057ebcfe598 mode 0
Event: 155.261 Thread 0x000001a5c56b2ab0 DEOPT PACKING pc=0x000001a5e5ba9d49 sp=0x00000057ebcff0f0
Event: 155.261 Thread 0x000001a5c56b2ab0 DEOPT UNPACKING pc=0x000001a5ecb54e42 sp=0x00000057ebcfe598 mode 0
Event: 155.261 Thread 0x000001a5c56b2ab0 DEOPT PACKING pc=0x000001a5e5ba9d49 sp=0x00000057ebcff0f0
Event: 155.261 Thread 0x000001a5c56b2ab0 DEOPT UNPACKING pc=0x000001a5ecb54e42 sp=0x00000057ebcfe598 mode 0
Event: 155.262 Thread 0x000001a5c56b2ab0 DEOPT PACKING pc=0x000001a5e5ba9d49 sp=0x00000057ebcff0f0
Event: 155.262 Thread 0x000001a5c56b2ab0 DEOPT UNPACKING pc=0x000001a5ecb54e42 sp=0x00000057ebcfe598 mode 0

Classes loaded (20 events):
Event: 88.240 Loading class jdk/internal/event/Event done
Event: 88.240 Loading class jdk/internal/event/ThreadSleepEvent done
Event: 90.057 Loading class pt/isec/pa/javalife/model/gameengine/GameEngine$GameEngineThread
Event: 90.057 Loading class pt/isec/pa/javalife/model/gameengine/GameEngine$GameEngineThread done
Event: 90.057 Loading class pt/isec/pa/javalife/model/gameengine/IGameEngineEvolve
Event: 90.057 Loading class pt/isec/pa/javalife/model/gameengine/IGameEngineEvolve done
Event: 90.057 Loading class pt/isec/pa/javalife/model/gameengine/IGameEngineEvolve
Event: 90.057 Loading class pt/isec/pa/javalife/model/gameengine/IGameEngineEvolve done
Event: 105.230 Loading class com/sun/prism/GraphicsResource
Event: 105.230 Loading class com/sun/prism/GraphicsResource done
Event: 105.230 Loading class com/sun/prism/GraphicsResource
Event: 105.230 Loading class com/sun/prism/GraphicsResource done
Event: 155.258 Loading class jdk/internal/misc/Signal$1
Event: 155.258 Loading class jdk/internal/misc/Signal$1 done
Event: 155.259 Loading class com/sun/javafx/tk/quantum/QuantumRenderer
Event: 155.259 Loading class com/sun/javafx/tk/quantum/QuantumRenderer done
Event: 155.260 Loading class com/sun/javafx/tk/quantum/QuantumToolkit
Event: 155.260 Loading class com/sun/javafx/tk/quantum/QuantumToolkit done
Event: 155.260 Loading class java/util/LinkedList$ListItr
Event: 155.260 Loading class java/util/LinkedList$ListItr done

Classes unloaded (0 events):
No events

Classes redefined (0 events):
No events

Internal exceptions (20 events):
Event: 0.849 Thread 0x000001a5fe1c5cc0 Exception <a 'java/lang/IncompatibleClassChangeError'{0x000000071250c078}: Found class java.lang.Object, but interface was expected> (0x000000071250c078) 
thrown [s\open\src\hotspot\share\interpreter\linkResolver.cpp, line 840]
Event: 0.868 Thread 0x000001a5fe1c5cc0 Exception <a 'java/lang/NoSuchMethodError'{0x00000007122365a0}: 'int java.lang.invoke.DirectMethodHandle$Holder.invokeSpecial(java.lang.Object, java.lang.Object, int)'> (0x00000007122365a0) 
thrown [s\open\src\hotspot\share\interpreter\linkResolver.cpp, line 773]
Event: 0.868 Thread 0x000001a5fe1c5cc0 Exception <a 'java/lang/NoSuchMethodError'{0x000000071223e408}: 'int java.lang.invoke.DirectMethodHandle$Holder.invokeSpecial(java.lang.Object, java.lang.Object, java.lang.Object, int)'> (0x000000071223e408) 
thrown [s\open\src\hotspot\share\interpreter\linkResolver.cpp, line 773]
Event: 0.869 Thread 0x000001a5fe1c5cc0 Exception <a 'java/lang/NoSuchMethodError'{0x0000000712252818}: 'java.lang.Object java.lang.invoke.DirectMethodHandle$Holder.invokeStatic(java.lang.Object, java.lang.Object, java.lang.Object, java.lang.Object, int)'> (0x0000000712252818) 
thrown [s\open\src\hotspot\share\interpreter\linkResolver.cpp, line 773]
Event: 0.870 Thread 0x000001a5fe1c5cc0 Exception <a 'java/lang/NoSuchMethodError'{0x000000071225a890}: 'int java.lang.invoke.DirectMethodHandle$Holder.invokeSpecial(java.lang.Object, java.lang.Object, java.lang.Object)'> (0x000000071225a890) 
thrown [s\open\src\hotspot\share\interpreter\linkResolver.cpp, line 773]
Event: 0.877 Thread 0x000001a5fe1c5cc0 Exception <a 'java/lang/NoSuchMethodError'{0x00000007122d1fb0}: 'java.lang.Object java.lang.invoke.DirectMethodHandle$Holder.newInvokeSpecial(java.lang.Object, java.lang.Object, int)'> (0x00000007122d1fb0) 
thrown [s\open\src\hotspot\share\interpreter\linkResolver.cpp, line 773]
Event: 1.758 Thread 0x000001a5fe1c5cc0 Exception <a 'java/lang/NoSuchMethodError'{0x0000000711b851b8}: 'long java.lang.invoke.DirectMethodHandle$Holder.invokeStatic(java.lang.Object, java.lang.Object, java.lang.Object)'> (0x0000000711b851b8) 
thrown [s\open\src\hotspot\share\interpreter\linkResolver.cpp, line 773]
Event: 1.758 Thread 0x000001a5fe1c5cc0 Exception <a 'java/lang/NoSuchMethodError'{0x0000000711b88588}: 'long java.lang.invoke.DirectMethodHandle$Holder.invokeStaticInit(java.lang.Object, java.lang.Object, java.lang.Object)'> (0x0000000711b88588) 
thrown [s\open\src\hotspot\share\interpreter\linkResolver.cpp, line 773]
Event: 1.759 Thread 0x000001a5fe1c5cc0 Exception <a 'java/lang/NoSuchMethodError'{0x0000000711b9cc78}: 'java.lang.Object java.lang.invoke.DirectMethodHandle$Holder.newInvokeSpecial(java.lang.Object, java.lang.Object, long)'> (0x0000000711b9cc78) 
thrown [s\open\src\hotspot\share\interpreter\linkResolver.cpp, line 773]
Event: 1.759 Thread 0x000001a5fe1c5cc0 Exception <a 'java/lang/NoSuchMethodError'{0x0000000711ba0570}: 'java.lang.Object java.lang.invoke.Invokers$Holder.linkToTargetMethod(java.lang.Object, long, java.lang.Object)'> (0x0000000711ba0570) 
thrown [s\open\src\hotspot\share\interpreter\linkResolver.cpp, line 773]
Event: 1.768 Thread 0x000001a5fd683b20 Exception <a 'java/lang/NoSuchMethodError'{0x00000007118a4518}: 'java.lang.Object java.lang.invoke.DirectMethodHandle$Holder.invokeStaticInit(java.lang.Object, int)'> (0x00000007118a4518) 
thrown [s\open\src\hotspot\share\interpreter\linkResolver.cpp, line 773]
Event: 1.815 Thread 0x000001a5fe1c5cc0 Exception <a 'java/lang/NoSuchMethodError'{0x000000071185d760}: 'void java.lang.invoke.DirectMethodHandle$Holder.invokeVirtual(java.lang.Object, java.lang.Object)'> (0x000000071185d760) 
thrown [s\open\src\hotspot\share\interpreter\linkResolver.cpp, line 773]
Event: 2.114 Thread 0x000001a5fe1c5cc0 Exception <a 'java/lang/ClassNotFoundException'{0x00000007112d8538}: com/sun/javafx/scene/control/skin/resources/controls> (0x00000007112d8538) 
thrown [s\open\src\hotspot\share\prims\jni.cpp, line 539]
Event: 2.115 Thread 0x000001a5fe1c5cc0 Exception <a 'java/lang/ClassNotFoundException'{0x00000007112e69d0}: com/sun/javafx/scene/control/skin/resources/controls_en> (0x00000007112e69d0) 
thrown [s\open\src\hotspot\share\prims\jni.cpp, line 539]
Event: 2.115 Thread 0x000001a5fe1c5cc0 Exception <a 'java/lang/ClassNotFoundException'{0x00000007112e7ff8}: com/sun/javafx/scene/control/skin/resources/controls_en_GB> (0x00000007112e7ff8) 
thrown [s\open\src\hotspot\share\prims\jni.cpp, line 539]
Event: 14.421 Thread 0x000001a5fe1c5cc0 Exception <a 'java/lang/NoSuchMethodError'{0x0000000710598a78}: 'java.lang.Object java.lang.invoke.DirectMethodHandle$Holder.invokeSpecial(java.lang.Object, java.lang.Object, int, java.lang.Object, java.lang.Object)'> (0x0000000710598a78) 
thrown [s\open\src\hotspot\share\interpreter\linkResolver.cpp, line 773]
Event: 54.746 Thread 0x000001a5fe1c5cc0 Exception <a 'java/lang/NoSuchMethodError'{0x000000071029a4a8}: 'java.lang.Object java.lang.invoke.DirectMethodHandle$Holder.invokeStatic(java.lang.Object, int, java.lang.Object)'> (0x000000071029a4a8) 
thrown [s\open\src\hotspot\share\interpreter\linkResolver.cpp, line 773]
Event: 54.750 Thread 0x000001a5fe1c5cc0 Exception <a 'java/lang/ClassNotFoundException'{0x00000007102ad350}: sun/util/logging/resources/spi/loggingProvider> (0x00000007102ad350) 
thrown [s\open\src\hotspot\share\classfile\systemDictionary.cpp, line 312]
Event: 155.286 Thread 0x000001a5fe1c5cc0 Exception <a 'java/lang/NoSuchMethodError'{0x000000070f6668a0}: 'java.lang.Object java.lang.invoke.DirectMethodHandle$Holder.invokeSpecial(java.lang.Object, java.lang.Object, double, double)'> (0x000000070f6668a0) 
thrown [s\open\src\hotspot\share\interpreter\linkResolver.cpp, line 773]
Event: 155.287 Thread 0x000001a5fe1c5cc0 Exception <a 'java/lang/NoSuchMethodError'{0x000000070f66a458}: 'java.lang.Object java.lang.invoke.Invokers$Holder.linkToTargetMethod(double, double, java.lang.Object)'> (0x000000070f66a458) 
thrown [s\open\src\hotspot\share\interpreter\linkResolver.cpp, line 773]

ZGC Phase Switch (0 events):
No events

VM Operations (20 events):
Event: 112.857 Executing VM operation: ChangeSingleStep done
Event: 112.857 Executing VM operation: ChangeSingleStep
Event: 112.858 Executing VM operation: ChangeSingleStep done
Event: 130.143 Executing VM operation: get/set locals
Event: 130.143 Executing VM operation: get/set locals done
Event: 130.144 Executing VM operation: get/set locals
Event: 130.144 Executing VM operation: get/set locals done
Event: 130.147 Executing VM operation: get/set locals
Event: 130.147 Executing VM operation: get/set locals done
Event: 130.148 Executing VM operation: get/set locals
Event: 130.148 Executing VM operation: get/set locals done
Event: 155.238 Executing VM operation: ChangeBreakpoints
Event: 155.238 Executing VM operation: ChangeBreakpoints done
Event: 155.238 Executing VM operation: ChangeBreakpoints
Event: 155.238 Executing VM operation: ChangeBreakpoints done
Event: 155.238 Executing VM operation: ChangeBreakpoints
Event: 155.238 Executing VM operation: ChangeBreakpoints done
Event: 155.238 Executing VM operation: ChangeBreakpoints
Event: 155.238 Executing VM operation: ChangeBreakpoints done
Event: 155.289 Executing VM operation: Exit

Events (20 events):
Event: 93.953 Thread 0x000001a5c56b58a0 Thread added: 0x000001a5c56b58a0
Event: 94.240 Thread 0x000001a5c56b5f30 Thread added: 0x000001a5c56b5f30
Event: 94.538 Thread 0x000001a5c56b3e60 Thread added: 0x000001a5c56b3e60
Event: 94.885 Thread 0x000001a5c56b37d0 Thread added: 0x000001a5c56b37d0
Event: 100.154 Thread 0x000001a5c5a322b0 Thread added: 0x000001a5c5a322b0
Event: 105.224 Thread 0x000001a5c5a36450 Thread added: 0x000001a5c5a36450
Event: 108.978 Thread 0x000001a5c5a32940 Thread added: 0x000001a5c5a32940
Event: 111.712 Thread 0x000001a5c5a35730 Thread added: 0x000001a5c5a35730
Event: 112.857 Thread 0x000001a5c5a30f00 Thread added: 0x000001a5c5a30f00
Event: 155.238 Thread 0x000001a5fd712c60 Thread exited: 0x000001a5fd712c60
Event: 155.238 Thread 0x000001a5c5a36ae0 Thread added: 0x000001a5c5a36ae0
Event: 155.259 Thread 0x000001a5c5a350a0 Thread added: 0x000001a5c5a350a0
Event: 155.259 Thread 0x000001a5c5a30870 Thread added: 0x000001a5c5a30870
Event: 155.259 Thread 0x000001a5c5a37e90 Thread added: 0x000001a5c5a37e90
Event: 155.259 Thread 0x000001a5c5a37e90 Thread exited: 0x000001a5c5a37e90
Event: 155.260 Thread 0x000001a5c5a30870 Thread exited: 0x000001a5c5a30870
Event: 155.267 Thread 0x000001a5c56b2ab0 Thread exited: 0x000001a5c56b2ab0
Event: 155.268 Thread 0x000001a5fd683b20 Thread exited: 0x000001a5fd683b20
Event: 155.277 Thread 0x000001a5c5a36ae0 Thread exited: 0x000001a5c5a36ae0
Event: 155.287 Thread 0x000001a5c5a30f00 Thread exited: 0x000001a5c5a30f00


Dynamic libraries:
0x00007ff6215c0000 - 0x00007ff6215ce000 	C:\Users\incly_nn88esr\.jdks\openjdk-21.0.2\bin\java.exe
0x00007ffea6230000 - 0x00007ffea6428000 	C:\Windows\SYSTEM32\ntdll.dll
0x00007ffea5800000 - 0x00007ffea58bd000 	C:\Windows\System32\KERNEL32.DLL
0x00007ffea3d30000 - 0x00007ffea4026000 	C:\Windows\System32\KERNELBASE.dll
0x00007ffea3b00000 - 0x00007ffea3c00000 	C:\Windows\System32\ucrtbase.dll
0x00007ffe9f650000 - 0x00007ffe9f668000 	C:\Users\incly_nn88esr\.jdks\openjdk-21.0.2\bin\jli.dll
0x00007ffe9cae0000 - 0x00007ffe9cafb000 	C:\Users\incly_nn88esr\.jdks\openjdk-21.0.2\bin\VCRUNTIME140.dll
0x00007ffea4fc0000 - 0x00007ffea515f000 	C:\Windows\System32\USER32.dll
0x00007ffe96530000 - 0x00007ffe967ca000 	C:\Windows\WinSxS\amd64_microsoft.windows.common-controls_6595b64144ccf1df_6.0.19041.4355_none_60b8b9eb71f62e16\COMCTL32.dll
0x00007ffea3c50000 - 0x00007ffea3c72000 	C:\Windows\System32\win32u.dll
0x00007ffea4310000 - 0x00007ffea433b000 	C:\Windows\System32\GDI32.dll
0x00007ffea4ab0000 - 0x00007ffea4b4e000 	C:\Windows\System32\msvcrt.dll
0x00007ffea38e0000 - 0x00007ffea39f7000 	C:\Windows\System32\gdi32full.dll
0x00007ffea4060000 - 0x00007ffea40fd000 	C:\Windows\System32\msvcp_win.dll
0x00007ffea61b0000 - 0x00007ffea61e2000 	C:\Windows\System32\IMM32.DLL
0x00007ffe9f640000 - 0x00007ffe9f64c000 	C:\Users\incly_nn88esr\.jdks\openjdk-21.0.2\bin\vcruntime140_1.dll
0x00007ffe61360000 - 0x00007ffe613ee000 	C:\Users\incly_nn88esr\.jdks\openjdk-21.0.2\bin\msvcp140.dll
0x00007ffdf3260000 - 0x00007ffdf3f77000 	C:\Users\incly_nn88esr\.jdks\openjdk-21.0.2\bin\server\jvm.dll
0x00007ffea4260000 - 0x00007ffea4310000 	C:\Windows\System32\ADVAPI32.dll
0x00007ffea4d90000 - 0x00007ffea4e30000 	C:\Windows\System32\sechost.dll
0x00007ffea5170000 - 0x00007ffea5293000 	C:\Windows\System32\RPCRT4.dll
0x00007ffea4030000 - 0x00007ffea4057000 	C:\Windows\System32\bcrypt.dll
0x00007ffea4e90000 - 0x00007ffea4efb000 	C:\Windows\System32\WS2_32.dll
0x00007ffea2e10000 - 0x00007ffea2e5b000 	C:\Windows\SYSTEM32\POWRPROF.dll
0x00007ffe9de50000 - 0x00007ffe9de5a000 	C:\Windows\SYSTEM32\VERSION.dll
0x00007ffe9a770000 - 0x00007ffe9a797000 	C:\Windows\SYSTEM32\WINMM.dll
0x00007ffea2cd0000 - 0x00007ffea2ce2000 	C:\Windows\SYSTEM32\UMPDC.dll
0x00007ffea1780000 - 0x00007ffea1792000 	C:\Windows\SYSTEM32\kernel.appcore.dll
0x00007ffe97ff0000 - 0x00007ffe97ffa000 	C:\Users\incly_nn88esr\.jdks\openjdk-21.0.2\bin\jimage.dll
0x00007ffe99e20000 - 0x00007ffe9a004000 	C:\Windows\SYSTEM32\DBGHELP.DLL
0x00007ffe90420000 - 0x00007ffe90454000 	C:\Windows\SYSTEM32\dbgcore.DLL
0x00007ffea3a70000 - 0x00007ffea3af2000 	C:\Windows\System32\bcryptPrimitives.dll
0x00007ffe97f90000 - 0x00007ffe97fcc000 	C:\Users\incly_nn88esr\.jdks\openjdk-21.0.2\bin\jdwp.dll
0x00007ffe926e0000 - 0x00007ffe926ef000 	C:\Users\incly_nn88esr\.jdks\openjdk-21.0.2\bin\instrument.dll
0x00007ffe97fd0000 - 0x00007ffe97fef000 	C:\Users\incly_nn88esr\.jdks\openjdk-21.0.2\bin\java.dll
0x00007ffe8f000000 - 0x00007ffe8f018000 	C:\Users\incly_nn88esr\.jdks\openjdk-21.0.2\bin\zip.dll
0x00007ffea4340000 - 0x00007ffea4aab000 	C:\Windows\System32\SHELL32.dll
0x00007ffea1980000 - 0x00007ffea211d000 	C:\Windows\SYSTEM32\windows.storage.dll
0x00007ffea5380000 - 0x00007ffea56d3000 	C:\Windows\System32\combase.dll
0x00007ffea3300000 - 0x00007ffea332e000 	C:\Windows\SYSTEM32\Wldp.dll
0x00007ffea60e0000 - 0x00007ffea61ad000 	C:\Windows\System32\OLEAUT32.dll
0x00007ffea4ce0000 - 0x00007ffea4d8d000 	C:\Windows\System32\SHCORE.dll
0x00007ffea4e30000 - 0x00007ffea4e85000 	C:\Windows\System32\shlwapi.dll
0x00007ffea3810000 - 0x00007ffea3834000 	C:\Windows\SYSTEM32\profapi.dll
0x00007ffe122d0000 - 0x00007ffe123a7000 	C:\Users\incly_nn88esr\.jdks\openjdk-21.0.2\bin\jsvml.dll
0x00007ffe8eff0000 - 0x00007ffe8f000000 	C:\Users\incly_nn88esr\.jdks\openjdk-21.0.2\bin\net.dll
0x00007ffe9d0f0000 - 0x00007ffe9d1fa000 	C:\Windows\SYSTEM32\WINHTTP.dll
0x00007ffea3060000 - 0x00007ffea30ca000 	C:\Windows\system32\mswsock.dll
0x00007ffe8efd0000 - 0x00007ffe8efe6000 	C:\Users\incly_nn88esr\.jdks\openjdk-21.0.2\bin\nio.dll
0x00007ffe8ef80000 - 0x00007ffe8ef8c000 	C:\Users\incly_nn88esr\.jdks\openjdk-21.0.2\bin\dt_socket.dll
0x00007ffea2cf0000 - 0x00007ffea2d2b000 	C:\Windows\SYSTEM32\IPHLPAPI.DLL
0x000001a5dd130000 - 0x000001a5dd133000 	Z:\Program Files\Java\javafx-sdk-22.0.1\bin\api-ms-win-core-console-l1-1-0.dll
0x000001a5fe3d0000 - 0x000001a5fe3d3000 	Z:\Program Files\Java\javafx-sdk-22.0.1\bin\api-ms-win-core-console-l1-2-0.dll
0x000001a5fe3e0000 - 0x000001a5fe3e3000 	Z:\Program Files\Java\javafx-sdk-22.0.1\bin\api-ms-win-core-datetime-l1-1-0.dll
0x000001a5fe3f0000 - 0x000001a5fe3f3000 	Z:\Program Files\Java\javafx-sdk-22.0.1\bin\api-ms-win-core-debug-l1-1-0.dll
0x000001a5fe400000 - 0x000001a5fe403000 	Z:\Program Files\Java\javafx-sdk-22.0.1\bin\api-ms-win-core-errorhandling-l1-1-0.dll
0x000001a5fe410000 - 0x000001a5fe414000 	Z:\Program Files\Java\javafx-sdk-22.0.1\bin\api-ms-win-core-file-l1-1-0.dll
0x000001a5fe420000 - 0x000001a5fe423000 	Z:\Program Files\Java\javafx-sdk-22.0.1\bin\api-ms-win-core-file-l1-2-0.dll
0x000001a5fe430000 - 0x000001a5fe433000 	Z:\Program Files\Java\javafx-sdk-22.0.1\bin\api-ms-win-core-file-l2-1-0.dll
0x000001a5fe440000 - 0x000001a5fe443000 	Z:\Program Files\Java\javafx-sdk-22.0.1\bin\api-ms-win-core-handle-l1-1-0.dll
0x000001a5fe450000 - 0x000001a5fe453000 	Z:\Program Files\Java\javafx-sdk-22.0.1\bin\api-ms-win-core-heap-l1-1-0.dll
0x000001a5fe460000 - 0x000001a5fe463000 	Z:\Program Files\Java\javafx-sdk-22.0.1\bin\api-ms-win-core-interlocked-l1-1-0.dll
0x000001a5fe470000 - 0x000001a5fe473000 	Z:\Program Files\Java\javafx-sdk-22.0.1\bin\api-ms-win-core-libraryloader-l1-1-0.dll
0x000001a5fe480000 - 0x000001a5fe483000 	Z:\Program Files\Java\javafx-sdk-22.0.1\bin\api-ms-win-core-localization-l1-2-0.dll
0x000001a5fe490000 - 0x000001a5fe493000 	Z:\Program Files\Java\javafx-sdk-22.0.1\bin\api-ms-win-core-memory-l1-1-0.dll
0x000001a5fe4a0000 - 0x000001a5fe4a3000 	Z:\Program Files\Java\javafx-sdk-22.0.1\bin\api-ms-win-core-namedpipe-l1-1-0.dll
0x000001a5fe4b0000 - 0x000001a5fe4b3000 	Z:\Program Files\Java\javafx-sdk-22.0.1\bin\api-ms-win-core-processenvironment-l1-1-0.dll
0x000001a5fe4c0000 - 0x000001a5fe4c3000 	Z:\Program Files\Java\javafx-sdk-22.0.1\bin\api-ms-win-core-processthreads-l1-1-0.dll
0x000001a5fe4d0000 - 0x000001a5fe4d3000 	Z:\Program Files\Java\javafx-sdk-22.0.1\bin\api-ms-win-core-processthreads-l1-1-1.dll
0x000001a5fe4e0000 - 0x000001a5fe4e3000 	Z:\Program Files\Java\javafx-sdk-22.0.1\bin\api-ms-win-core-profile-l1-1-0.dll
0x000001a5fe4f0000 - 0x000001a5fe4f3000 	Z:\Program Files\Java\javafx-sdk-22.0.1\bin\api-ms-win-core-rtlsupport-l1-1-0.dll
0x000001a5fe500000 - 0x000001a5fe503000 	Z:\Program Files\Java\javafx-sdk-22.0.1\bin\api-ms-win-core-string-l1-1-0.dll
0x000001a5fe510000 - 0x000001a5fe513000 	Z:\Program Files\Java\javafx-sdk-22.0.1\bin\api-ms-win-core-synch-l1-1-0.dll
0x000001a5fe520000 - 0x000001a5fe523000 	Z:\Program Files\Java\javafx-sdk-22.0.1\bin\api-ms-win-core-synch-l1-2-0.dll
0x000001a5fe530000 - 0x000001a5fe533000 	Z:\Program Files\Java\javafx-sdk-22.0.1\bin\api-ms-win-core-sysinfo-l1-1-0.dll
0x000001a5fe540000 - 0x000001a5fe543000 	Z:\Program Files\Java\javafx-sdk-22.0.1\bin\api-ms-win-core-timezone-l1-1-0.dll
0x000001a5fe550000 - 0x000001a5fe553000 	Z:\Program Files\Java\javafx-sdk-22.0.1\bin\api-ms-win-core-util-l1-1-0.dll
0x000001a5fe560000 - 0x000001a5fe563000 	Z:\Program Files\Java\javafx-sdk-22.0.1\bin\api-ms-win-crt-conio-l1-1-0.dll
0x000001a5fe570000 - 0x000001a5fe574000 	Z:\Program Files\Java\javafx-sdk-22.0.1\bin\api-ms-win-crt-convert-l1-1-0.dll
0x000001a5fe580000 - 0x000001a5fe583000 	Z:\Program Files\Java\javafx-sdk-22.0.1\bin\api-ms-win-crt-environment-l1-1-0.dll
0x000001a5fe590000 - 0x000001a5fe593000 	Z:\Program Files\Java\javafx-sdk-22.0.1\bin\api-ms-win-crt-filesystem-l1-1-0.dll
0x000001a5fe5a0000 - 0x000001a5fe5a3000 	Z:\Program Files\Java\javafx-sdk-22.0.1\bin\api-ms-win-crt-heap-l1-1-0.dll
0x000001a5fe5b0000 - 0x000001a5fe5b3000 	Z:\Program Files\Java\javafx-sdk-22.0.1\bin\api-ms-win-crt-locale-l1-1-0.dll
0x000001a5fe5c0000 - 0x000001a5fe5c5000 	Z:\Program Files\Java\javafx-sdk-22.0.1\bin\api-ms-win-crt-math-l1-1-0.dll
0x000001a5fe5d0000 - 0x000001a5fe5d5000 	Z:\Program Files\Java\javafx-sdk-22.0.1\bin\api-ms-win-crt-multibyte-l1-1-0.dll
0x000001a5fe5e0000 - 0x000001a5fe5f0000 	Z:\Program Files\Java\javafx-sdk-22.0.1\bin\api-ms-win-crt-private-l1-1-0.dll
0x000001a5fe5f0000 - 0x000001a5fe5f3000 	Z:\Program Files\Java\javafx-sdk-22.0.1\bin\api-ms-win-crt-process-l1-1-0.dll
0x000001a5fe600000 - 0x000001a5fe604000 	Z:\Program Files\Java\javafx-sdk-22.0.1\bin\api-ms-win-crt-runtime-l1-1-0.dll
0x000001a5fe610000 - 0x000001a5fe614000 	Z:\Program Files\Java\javafx-sdk-22.0.1\bin\api-ms-win-crt-stdio-l1-1-0.dll
0x000001a5fe620000 - 0x000001a5fe624000 	Z:\Program Files\Java\javafx-sdk-22.0.1\bin\api-ms-win-crt-string-l1-1-0.dll
0x000001a5fe630000 - 0x000001a5fe633000 	Z:\Program Files\Java\javafx-sdk-22.0.1\bin\api-ms-win-crt-time-l1-1-0.dll
0x000001a5fe9d0000 - 0x000001a5fe9d3000 	Z:\Program Files\Java\javafx-sdk-22.0.1\bin\api-ms-win-crt-utility-l1-1-0.dll
0x00007ffe0bc80000 - 0x00007ffe0bd7c000 	Z:\Program Files\Java\javafx-sdk-22.0.1\bin\ucrtbase.dll
0x00007ffe86870000 - 0x00007ffe8688b000 	Z:\Program Files\Java\javafx-sdk-22.0.1\bin\vcruntime140.dll
0x00007ffe86860000 - 0x00007ffe8686c000 	Z:\Program Files\Java\javafx-sdk-22.0.1\bin\vcruntime140_1.dll
0x00007ffe12240000 - 0x00007ffe122ce000 	Z:\Program Files\Java\javafx-sdk-22.0.1\bin\msvcp140.dll
0x00007ffe86850000 - 0x00007ffe86859000 	Z:\Program Files\Java\javafx-sdk-22.0.1\bin\msvcp140_1.dll
0x00007ffe86410000 - 0x00007ffe86451000 	Z:\Program Files\Java\javafx-sdk-22.0.1\bin\msvcp140_2.dll
0x00007ffe86000000 - 0x00007ffe86030000 	Z:\Program Files\Java\javafx-sdk-22.0.1\bin\prism_d3d.dll
0x00007ffe6e2c0000 - 0x00007ffe6e48e000 	C:\Windows\system32\d3d9.dll
0x00007ffea1490000 - 0x00007ffea14bf000 	C:\Windows\SYSTEM32\dwmapi.dll
0x00007ffea1210000 - 0x00007ffea12ae000 	C:\Windows\system32\uxtheme.dll
0x00007ffea3490000 - 0x00007ffea34a2000 	C:\Windows\SYSTEM32\msasn1.dll
0x00007ffe9cd40000 - 0x00007ffe9cd71000 	C:\Windows\SYSTEM32\cryptnet.dll
0x00007ffea4100000 - 0x00007ffea425e000 	C:\Windows\System32\CRYPT32.dll
0x00007ffe9cba0000 - 0x00007ffe9cce7000 	C:\Windows\SYSTEM32\drvstore.dll
0x00007ffea3660000 - 0x00007ffea3693000 	C:\Windows\SYSTEM32\devobj.dll
0x00007ffea3c00000 - 0x00007ffea3c4e000 	C:\Windows\System32\cfgmgr32.dll
0x00007ffea3270000 - 0x00007ffea327c000 	C:\Windows\SYSTEM32\cryptbase.dll
0x00007ffea3a00000 - 0x00007ffea3a67000 	C:\Windows\System32\wintrust.dll
0x00007ffea4f00000 - 0x00007ffea4f1d000 	C:\Windows\System32\imagehlp.dll
0x00007ffea3250000 - 0x00007ffea3268000 	C:\Windows\SYSTEM32\CRYPTSP.dll
0x00007ffea2910000 - 0x00007ffea2944000 	C:\Windows\system32\rsaenh.dll
0x00007ffe61150000 - 0x00007ffe61195000 	Z:\Program Files\Java\javafx-sdk-22.0.1\bin\glass.dll
0x00007ffea52a0000 - 0x00007ffea537a000 	C:\Windows\System32\COMDLG32.dll
0x00007ffea4b50000 - 0x00007ffea4c7b000 	C:\Windows\System32\ole32.dll
0x00007ffea56e0000 - 0x00007ffea57f4000 	C:\Windows\System32\MSCTF.dll
0x00007ffe7b690000 - 0x00007ffe7b961000 	C:\Windows\system32\nvspcap64.dll
0x00007ffea2a30000 - 0x00007ffea2a63000 	C:\Windows\SYSTEM32\ntmarta.dll
0x00007ffea2130000 - 0x00007ffea2153000 	C:\Windows\SYSTEM32\gpapi.dll
0x00007ffe95500000 - 0x00007ffe9553b000 	C:\Windows\SYSTEM32\dxcore.dll
0x00007ffea5fa0000 - 0x00007ffea6049000 	C:\Windows\System32\clbcatq.dll
0x00007ffe8ec80000 - 0x00007ffe8edbf000 	C:\Windows\System32\Windows.UI.dll
0x00007ffe973e0000 - 0x00007ffe97481000 	C:\Windows\System32\WindowManagementAPI.dll
0x00007ffe8f370000 - 0x00007ffe8f4c2000 	C:\Windows\System32\InputHost.dll
0x00007ffe8e630000 - 0x00007ffe8e729000 	C:\Windows\System32\TextInputFramework.dll
0x00007ffea0ea0000 - 0x00007ffea0f92000 	C:\Windows\System32\CoreMessaging.dll
0x00007ffea0470000 - 0x00007ffea05c7000 	C:\Windows\SYSTEM32\wintypes.dll

dbghelp: loaded successfully - version: 4.0.5 - missing functions: none
symbol engine: initialized successfully - sym options: 0x614 - pdb path: .;C:\Users\incly_nn88esr\.jdks\openjdk-21.0.2\bin;C:\Windows\SYSTEM32;C:\Windows\WinSxS\amd64_microsoft.windows.common-controls_6595b64144ccf1df_6.0.19041.4355_none_60b8b9eb71f62e16;C:\Users\incly_nn88esr\.jdks\openjdk-21.0.2\bin\server;Z:\Program Files\Java\javafx-sdk-22.0.1\bin;C:\Windows\System32\DriverStore\FileRepository\nv_dispi.inf_amd64_866484083fc526af;C:\Program Files\Common Files\Microsoft Shared\Ink

VM Arguments:
jvm_args: -agentlib:jdwp=transport=dt_socket,address=127.0.0.1:52696,suspend=y,server=n --module-path=Z:\Program Files\Java\javafx-sdk-22.0.1\lib --add-modules=javafx.controls --add-modules=javafx.controls,javafx.fxml -Dsocket.server.port=33833 -javaagent:Z:\User\AppData\Local\JetBrains\IntelliJIdea2023.2\captureAgent\debugger-agent.jar -Dfile.encoding=UTF-8 -Dsun.stdout.encoding=UTF-8 -Dsun.stderr.encoding=UTF-8 
java_command: Main
java_class_path (initial): Z:\User\Documents\praticas isec\2023-2024\Programao Avanada\TP-javalive\out\production\TP-javalife;Z:\Program Files\Java\javafx-sdk-22.0.1\lib\javafx-swt.jar;Z:\Program Files\Java\javafx-sdk-22.0.1\lib\javafx.web.jar;Z:\Program Files\Java\javafx-sdk-22.0.1\lib\javafx.base.jar;Z:\Program Files\Java\javafx-sdk-22.0.1\lib\javafx.fxml.jar;Z:\Program Files\Java\javafx-sdk-22.0.1\lib\javafx.media.jar;Z:\Program Files\Java\javafx-sdk-22.0.1\lib\javafx.swing.jar;Z:\Program Files\Java\javafx-sdk-22.0.1\lib\javafx.controls.jar;Z:\Program Files\Java\javafx-sdk-22.0.1\lib\javafx.graphics.jar;C:\Users\incly_nn88esr\.restfulApiTool\lib\spring-socket-plugin-starter-1.0.0.jar;Z:\IntelliJ IDEA 2023.2.3\lib\idea_rt.jar
Launcher Type: SUN_STANDARD

[Global flags]
     intx CICompilerCount                          = 4                                         {product} {ergonomic}
     uint ConcGCThreads                            = 3                                         {product} {ergonomic}
     uint G1ConcRefinementThreads                  = 10                                        {product} {ergonomic}
   size_t G1HeapRegionSize                         = 2097152                                   {product} {ergonomic}
    uintx GCDrainStackTargetSize                   = 64                                        {product} {ergonomic}
   size_t InitialHeapSize                          = 266338304                                 {product} {ergonomic}
   size_t MarkStackSize                            = 4194304                                   {product} {ergonomic}
   size_t MaxHeapSize                              = 4246732800                                {product} {ergonomic}
   size_t MaxNewSize                               = 2548039680                                {product} {ergonomic}
   size_t MinHeapDeltaBytes                        = 2097152                                   {product} {ergonomic}
   size_t MinHeapSize                              = 8388608                                   {product} {ergonomic}
    uintx NonNMethodCodeHeapSize                   = 5839372                                {pd product} {ergonomic}
    uintx NonProfiledCodeHeapSize                  = 122909434                              {pd product} {ergonomic}
    uintx ProfiledCodeHeapSize                     = 122909434                              {pd product} {ergonomic}
    uintx ReservedCodeCacheSize                    = 251658240                              {pd product} {ergonomic}
     bool SegmentedCodeCache                       = true                                      {product} {ergonomic}
   size_t SoftMaxHeapSize                          = 4246732800                             {manageable} {ergonomic}
     bool UseCompressedOops                        = true                           {product lp64_product} {ergonomic}
     bool UseG1GC                                  = true                                      {product} {ergonomic}
     bool UseLargePagesIndividualAllocation        = false                                  {pd product} {ergonomic}

Logging:
Log output configuration:
 #0: stdout all=off uptime,level,tags foldmultilines=false
 #1: stderr all=off uptime,level,tags foldmultilines=false

Environment Variables:
PATH=C:\Python312\Scripts\;C:\Python312\;C:\Program Files\Oculus\Support\oculus-runtime;C:\Program Files\Common Files\Oracle\Java\javapath;C:\Program Files (x86)\Razer Chroma SDK\bin;C:\Program Files\Razer Chroma SDK\bin;C:\Program Files (x86)\Razer\ChromaBroadcast\bin;C:\Program Files\Razer\ChromaBroadcast\bin;C:\Windows\system32;C:\Windows;C:\Windows\System32\Wbem;C:\Windows\System32\WindowsPowerShell\v1.0\;C:\Windows\System32\OpenSSH\;C:\Program Files\NVIDIA Corporation\NVIDIA NvDLISR;C:\Program Files\dotnet\;C:\Windows\system32\config\systemprofile\AppData\Local\Microsoft\WindowsApps;C:\Users\incly\AppData\Local\Microsoft\WindowsApps;C:\Program Files\Git\cmd;Z:\Program Files\matlab\bin;C:\Program Files\MATLAB\R2023a\bin;C:\Program Files (x86)\dotnet\;C:\Program Files\Microsoft SQL Server\150\Tools\Binn\;C:\Program Files\Microsoft SQL Server\Client SDK\ODBC\170\Tools\Binn\;C:\Program Files (x86)\NVIDIA Corporation\PhysX\Common;C:\ProgramData\chocolatey\bin;C:\Program Files\nodejs\;C:\Users\incly_nn88esr\AppData\Local\Microsoft\WindowsApps;C:\Users\incly_nn88esr\.dotnet\tools;Z:\User\AppData\Local\GitHubDesktop\bin;Z:\User\AppData\Local\Programs\Microsoft VS Code\bin;Z:\User\AppData\Roaming\npm
USERNAME=incly_nn88esr
OS=Windows_NT
PROCESSOR_IDENTIFIER=Intel64 Family 6 Model 151 Stepping 2, GenuineIntel
TMP=C:\Users\INCLY_~1\AppData\Local\Temp
TEMP=C:\Users\INCLY_~1\AppData\Local\Temp




Periodic native trim disabled

---------------  S Y S T E M  ---------------

OS:
 Windows 10 , 64 bit Build 19041 (10.0.19041.3636)
OS uptime: 1 days 15:07 hours

CPU: total 12 (initial active 12) (6 cores per cpu, 2 threads per core) family 6 model 151 stepping 2 microcode 0x25, cx8, cmov, fxsr, ht, mmx, 3dnowpref, sse, sse2, sse3, ssse3, sse4.1, sse4.2, popcnt, lzcnt, tsc, tscinvbit, avx, avx2, aes, erms, clmul, bmi1, bmi2, adx, sha, fma, vzeroupper, clflush, clflushopt, clwb, serialize, rdtscp, rdpid, fsrm, f16c, pku, cet_ibt, cet_ss
Processor Information for all 12 processors :
  Max Mhz: 2500, Current Mhz: 2500, Mhz Limit: 2500

Memory: 4k page, system-wide physical 16197M (2305M free)
TotalPageFile size 37648M (AvailPageFile size 4664M)
current process WorkingSet (physical memory assigned to process): 150M, peak: 189M
current process commit charge ("private bytes"): 434M, peak: 470M

vm_info: OpenJDK 64-Bit Server VM (21.0.2+13-58) for windows-amd64 JRE (21.0.2+13-58), built on 2024-01-05T18:32:24Z by "mach5one" with MS VC++ 17.1 (VS2022)

END.
